{"/Users/mattiden/Dev/Calendar/CalendarServer/server.js":{"path":"/Users/mattiden/Dev/Calendar/CalendarServer/server.js","s":{"1":1,"2":7,"3":7,"4":7,"5":7,"6":7,"7":7,"8":7,"9":7,"10":7,"11":7,"12":7,"13":7,"14":7,"15":7,"16":7,"17":7,"18":0,"19":0,"20":7,"21":7},"b":{"1":[7,0]},"f":{"1":7,"2":7},"fnMap":{"1":{"name":"(anonymous_1)","line":4,"loc":{"start":{"line":4,"column":17},"end":{"line":4,"column":31}}},"2":{"name":"(anonymous_2)","line":16,"loc":{"start":{"line":16,"column":52},"end":{"line":16,"column":77}}}},"statementMap":{"1":{"start":{"line":4,"column":0},"end":{"line":30,"column":2}},"2":{"start":{"line":5,"column":4},"end":{"line":5,"column":35}},"3":{"start":{"line":6,"column":4},"end":{"line":6,"column":43}},"4":{"start":{"line":7,"column":4},"end":{"line":7,"column":40}},"5":{"start":{"line":8,"column":4},"end":{"line":8,"column":44}},"6":{"start":{"line":9,"column":4},"end":{"line":9,"column":31}},"7":{"start":{"line":10,"column":4},"end":{"line":10,"column":20}},"8":{"start":{"line":11,"column":4},"end":{"line":11,"column":53}},"9":{"start":{"line":12,"column":4},"end":{"line":12,"column":31}},"10":{"start":{"line":13,"column":4},"end":{"line":13,"column":44}},"11":{"start":{"line":14,"column":4},"end":{"line":14,"column":43}},"12":{"start":{"line":16,"column":4},"end":{"line":29,"column":7}},"13":{"start":{"line":17,"column":8},"end":{"line":17,"column":24}},"14":{"start":{"line":18,"column":8},"end":{"line":26,"column":9}},"15":{"start":{"line":20,"column":16},"end":{"line":20,"column":31}},"16":{"start":{"line":21,"column":16},"end":{"line":21,"column":28}},"17":{"start":{"line":22,"column":16},"end":{"line":22,"column":22}},"18":{"start":{"line":24,"column":16},"end":{"line":24,"column":25}},"19":{"start":{"line":25,"column":16},"end":{"line":25,"column":28}},"20":{"start":{"line":27,"column":8},"end":{"line":27,"column":30}},"21":{"start":{"line":28,"column":8},"end":{"line":28,"column":61}}},"branchMap":{"1":{"line":18,"type":"switch","locations":[{"start":{"line":19,"column":12},"end":{"line":22,"column":22}},{"start":{"line":23,"column":12},"end":{"line":25,"column":28}}]}}},"/Users/mattiden/Dev/Calendar/CalendarServer/routes/routesSocket.js":{"path":"/Users/mattiden/Dev/Calendar/CalendarServer/routes/routesSocket.js","s":{"1":1,"2":1,"3":1,"4":1,"5":1,"6":1,"7":1,"8":1,"9":1,"10":1,"11":7,"12":7,"13":27,"14":27,"15":27,"16":27,"17":27,"18":27,"19":27,"20":27},"b":{},"f":{"1":7,"2":27,"3":27},"fnMap":{"1":{"name":"(anonymous_1)","line":15,"loc":{"start":{"line":15,"column":17},"end":{"line":15,"column":29}}},"2":{"name":"(anonymous_2)","line":20,"loc":{"start":{"line":20,"column":24},"end":{"line":20,"column":40}}},"3":{"name":"(anonymous_3)","line":23,"loc":{"start":{"line":23,"column":32},"end":{"line":23,"column":42}}}},"statementMap":{"1":{"start":{"line":4,"column":0},"end":{"line":4,"column":42}},"2":{"start":{"line":5,"column":0},"end":{"line":5,"column":44}},"3":{"start":{"line":6,"column":0},"end":{"line":6,"column":50}},"4":{"start":{"line":7,"column":0},"end":{"line":7,"column":69}},"5":{"start":{"line":8,"column":0},"end":{"line":8,"column":67}},"6":{"start":{"line":9,"column":0},"end":{"line":9,"column":64}},"7":{"start":{"line":10,"column":0},"end":{"line":10,"column":70}},"8":{"start":{"line":11,"column":0},"end":{"line":11,"column":68}},"9":{"start":{"line":13,"column":0},"end":{"line":13,"column":38}},"10":{"start":{"line":15,"column":0},"end":{"line":33,"column":2}},"11":{"start":{"line":16,"column":4},"end":{"line":19,"column":8}},"12":{"start":{"line":20,"column":4},"end":{"line":32,"column":7}},"13":{"start":{"line":22,"column":8},"end":{"line":22,"column":43}},"14":{"start":{"line":23,"column":8},"end":{"line":25,"column":11}},"15":{"start":{"line":24,"column":12},"end":{"line":24,"column":44}},"16":{"start":{"line":27,"column":8},"end":{"line":27,"column":35}},"17":{"start":{"line":28,"column":8},"end":{"line":28,"column":32}},"18":{"start":{"line":29,"column":8},"end":{"line":29,"column":40}},"19":{"start":{"line":30,"column":8},"end":{"line":30,"column":38}},"20":{"start":{"line":31,"column":8},"end":{"line":31,"column":37}}},"branchMap":{}},"/Users/mattiden/Dev/Calendar/CalendarServer/routes/socketPool.js":{"path":"/Users/mattiden/Dev/Calendar/CalendarServer/routes/socketPool.js","s":{"1":1,"2":1,"3":1,"4":1,"5":27,"6":27,"7":1,"8":27,"9":33,"10":27,"11":27,"12":0,"13":1,"14":43,"15":59,"16":25,"17":18,"18":1},"b":{"1":[27,6],"2":[25,34]},"f":{"1":27,"2":27,"3":43},"fnMap":{"1":{"name":"(anonymous_1)","line":9,"loc":{"start":{"line":9,"column":22},"end":{"line":9,"column":38}}},"2":{"name":"(anonymous_2)","line":14,"loc":{"start":{"line":14,"column":19},"end":{"line":14,"column":35}}},"3":{"name":"(anonymous_3)","line":23,"loc":{"start":{"line":23,"column":25},"end":{"line":23,"column":42}}}},"statementMap":{"1":{"start":{"line":4,"column":0},"end":{"line":4,"column":34}},"2":{"start":{"line":5,"column":0},"end":{"line":5,"column":50}},"3":{"start":{"line":7,"column":0},"end":{"line":7,"column":14}},"4":{"start":{"line":9,"column":0},"end":{"line":12,"column":2}},"5":{"start":{"line":10,"column":4},"end":{"line":10,"column":84}},"6":{"start":{"line":11,"column":4},"end":{"line":11,"column":52}},"7":{"start":{"line":14,"column":0},"end":{"line":22,"column":2}},"8":{"start":{"line":15,"column":4},"end":{"line":20,"column":5}},"9":{"start":{"line":16,"column":8},"end":{"line":19,"column":9}},"10":{"start":{"line":17,"column":12},"end":{"line":17,"column":30}},"11":{"start":{"line":18,"column":12},"end":{"line":18,"column":19}},"12":{"start":{"line":21,"column":4},"end":{"line":21,"column":14}},"13":{"start":{"line":23,"column":0},"end":{"line":30,"column":2}},"14":{"start":{"line":24,"column":4},"end":{"line":28,"column":5}},"15":{"start":{"line":25,"column":8},"end":{"line":27,"column":9}},"16":{"start":{"line":26,"column":12},"end":{"line":26,"column":34}},"17":{"start":{"line":29,"column":4},"end":{"line":29,"column":14}},"18":{"start":{"line":31,"column":0},"end":{"line":36,"column":2}}},"branchMap":{"1":{"line":16,"type":"if","locations":[{"start":{"line":16,"column":8},"end":{"line":16,"column":8}},{"start":{"line":16,"column":8},"end":{"line":16,"column":8}}]},"2":{"line":25,"type":"if","locations":[{"start":{"line":25,"column":8},"end":{"line":25,"column":8}},{"start":{"line":25,"column":8},"end":{"line":25,"column":8}}]}}},"/Users/mattiden/Dev/Calendar/CalendarServer/config/settings.js":{"path":"/Users/mattiden/Dev/Calendar/CalendarServer/config/settings.js","s":{"1":1},"b":{},"f":{},"fnMap":{},"statementMap":{"1":{"start":{"line":4,"column":0},"end":{"line":6,"column":2}}},"branchMap":{}},"/Users/mattiden/Dev/Calendar/CalendarServer/routes/handler/handlerNewAppointment.js":{"path":"/Users/mattiden/Dev/Calendar/CalendarServer/routes/handler/handlerNewAppointment.js","s":{"1":1,"2":1,"3":1,"4":1,"5":1,"6":1,"7":1,"8":1,"9":27,"10":6,"11":6,"12":6,"13":6,"14":6,"15":6,"16":6,"17":6,"18":6,"19":2},"b":{"1":[2,4]},"f":{"1":27,"2":6,"3":6,"4":6,"5":6,"6":6},"fnMap":{"1":{"name":"(anonymous_1)","line":9,"loc":{"start":{"line":9,"column":17},"end":{"line":9,"column":37}}},"2":{"name":"(anonymous_2)","line":10,"loc":{"start":{"line":10,"column":33},"end":{"line":10,"column":56}}},"3":{"name":"(anonymous_3)","line":21,"loc":{"start":{"line":21,"column":36},"end":{"line":21,"column":71}}},"4":{"name":"(anonymous_4)","line":22,"loc":{"start":{"line":22,"column":70},"end":{"line":22,"column":101}}},"5":{"name":"(anonymous_5)","line":24,"loc":{"start":{"line":24,"column":72},"end":{"line":24,"column":82}}},"6":{"name":"(anonymous_6)","line":27,"loc":{"start":{"line":27,"column":84},"end":{"line":27,"column":94}}}},"statementMap":{"1":{"start":{"line":1,"column":0},"end":{"line":1,"column":34}},"2":{"start":{"line":2,"column":0},"end":{"line":2,"column":51}},"3":{"start":{"line":3,"column":0},"end":{"line":3,"column":41}},"4":{"start":{"line":4,"column":0},"end":{"line":4,"column":63}},"5":{"start":{"line":5,"column":0},"end":{"line":5,"column":80}},"6":{"start":{"line":6,"column":0},"end":{"line":6,"column":72}},"7":{"start":{"line":7,"column":0},"end":{"line":7,"column":94}},"8":{"start":{"line":9,"column":0},"end":{"line":34,"column":2}},"9":{"start":{"line":10,"column":4},"end":{"line":33,"column":6}},"10":{"start":{"line":11,"column":8},"end":{"line":11,"column":88}},"11":{"start":{"line":12,"column":8},"end":{"line":20,"column":10}},"12":{"start":{"line":21,"column":8},"end":{"line":32,"column":10}},"13":{"start":{"line":22,"column":12},"end":{"line":31,"column":15}},"14":{"start":{"line":24,"column":16},"end":{"line":30,"column":18}},"15":{"start":{"line":25,"column":20},"end":{"line":25,"column":70}},"16":{"start":{"line":26,"column":20},"end":{"line":26,"column":70}},"17":{"start":{"line":27,"column":20},"end":{"line":29,"column":22}},"18":{"start":{"line":28,"column":24},"end":{"line":28,"column":84}},"19":{"start":{"line":28,"column":66},"end":{"line":28,"column":84}}},"branchMap":{"1":{"line":28,"type":"if","locations":[{"start":{"line":28,"column":24},"end":{"line":28,"column":24}},{"start":{"line":28,"column":24},"end":{"line":28,"column":24}}]}}},"/Users/mattiden/Dev/Calendar/CalendarServer/config/db.js":{"path":"/Users/mattiden/Dev/Calendar/CalendarServer/config/db.js","s":{"1":1,"2":1,"3":1,"4":1,"5":1,"6":1,"7":0,"8":0,"9":1,"10":1,"11":1,"12":0,"13":0,"14":0,"15":0,"16":0,"17":0,"18":0,"19":0,"20":0,"21":0,"22":1,"23":1},"b":{"1":[0,0],"2":[0,0],"3":[0,0]},"f":{"1":1,"2":0,"3":0},"fnMap":{"1":{"name":"replaceClientOnDisconnect","line":25,"loc":{"start":{"line":25,"column":0},"end":{"line":25,"column":43}},"skip":true},"2":{"name":"(anonymous_2)","line":26,"loc":{"start":{"line":26,"column":23},"end":{"line":26,"column":38}},"skip":true},"3":{"name":"(anonymous_3)","line":38,"loc":{"start":{"line":38,"column":23},"end":{"line":38,"column":40}},"skip":true}},"statementMap":{"1":{"start":{"line":4,"column":0},"end":{"line":4,"column":29}},"2":{"start":{"line":5,"column":0},"end":{"line":5,"column":13}},"3":{"start":{"line":8,"column":0},"end":{"line":16,"column":1},"skip":true},"4":{"start":{"line":9,"column":4},"end":{"line":9,"column":56},"skip":true},"5":{"start":{"line":10,"column":4},"end":{"line":10,"column":36},"skip":true},"6":{"start":{"line":11,"column":4},"end":{"line":11,"column":26},"skip":true},"7":{"start":{"line":14,"column":4},"end":{"line":14,"column":32},"skip":true},"8":{"start":{"line":15,"column":4},"end":{"line":15,"column":43},"skip":true},"9":{"start":{"line":18,"column":0},"end":{"line":23,"column":3}},"10":{"start":{"line":25,"column":0},"end":{"line":44,"column":1},"skip":true},"11":{"start":{"line":26,"column":4},"end":{"line":43,"column":7},"skip":true},"12":{"start":{"line":27,"column":8},"end":{"line":27,"column":43},"skip":true},"13":{"start":{"line":28,"column":8},"end":{"line":30,"column":9},"skip":true},"14":{"start":{"line":29,"column":12},"end":{"line":29,"column":19},"skip":true},"15":{"start":{"line":32,"column":8},"end":{"line":35,"column":9},"skip":true},"16":{"start":{"line":34,"column":12},"end":{"line":34,"column":22},"skip":true},"17":{"start":{"line":36,"column":8},"end":{"line":36,"column":55},"skip":true},"18":{"start":{"line":37,"column":8},"end":{"line":37,"column":42},"skip":true},"19":{"start":{"line":38,"column":8},"end":{"line":42,"column":11},"skip":true},"20":{"start":{"line":39,"column":12},"end":{"line":41,"column":13},"skip":true},"21":{"start":{"line":40,"column":16},"end":{"line":40,"column":60},"skip":true},"22":{"start":{"line":45,"column":0},"end":{"line":45,"column":34}},"23":{"start":{"line":47,"column":0},"end":{"line":47,"column":24}}},"branchMap":{"1":{"line":28,"type":"if","locations":[{"start":{"line":28,"column":8},"end":{"line":28,"column":8},"skip":true},{"start":{"line":28,"column":8},"end":{"line":28,"column":8},"skip":true}]},"2":{"line":32,"type":"if","locations":[{"start":{"line":32,"column":8},"end":{"line":32,"column":8},"skip":true},{"start":{"line":32,"column":8},"end":{"line":32,"column":8},"skip":true}]},"3":{"line":39,"type":"if","locations":[{"start":{"line":39,"column":12},"end":{"line":39,"column":12},"skip":true},{"start":{"line":39,"column":12},"end":{"line":39,"column":12},"skip":true}]}}},"/Users/mattiden/Dev/Calendar/CalendarServer/config/localstuff.js":{"path":"/Users/mattiden/Dev/Calendar/CalendarServer/config/localstuff.js","s":{"1":1},"b":{},"f":{},"fnMap":{},"statementMap":{"1":{"start":{"line":4,"column":0},"end":{"line":6,"column":2}}},"branchMap":{}},"/Users/mattiden/Dev/Calendar/CalendarServer/routes/handler/db_handlers/dbNewAppointment.js":{"path":"/Users/mattiden/Dev/Calendar/CalendarServer/routes/handler/db_handlers/dbNewAppointment.js","s":{"1":1,"2":1,"3":1,"4":1,"5":1,"6":6,"7":6,"8":6,"9":6,"10":6,"11":0,"12":0,"13":0,"14":0,"15":6,"16":4,"17":4,"18":0,"19":0,"20":0,"21":0,"22":4,"23":4,"24":4,"25":4,"26":4,"27":4,"28":4,"29":4,"30":0,"31":0,"32":0,"33":0,"34":0,"35":2,"36":2,"37":2,"38":2,"39":2,"40":2,"41":2,"42":2,"43":0,"44":0,"45":0,"46":0,"47":0,"48":0,"49":0,"50":0},"b":{"1":[0,6],"2":[0,0],"3":[4,2],"4":[6,4],"5":[0,4],"6":[0,0],"7":[4,0],"8":[4,0],"9":[4,0],"10":[0,4],"11":[0,0],"12":[2,0],"13":[2,0],"14":[2,0],"15":[0,2],"16":[0,0]},"f":{"1":6,"2":6,"3":6,"4":4,"5":0,"6":4,"7":4,"8":0,"9":2,"10":2,"11":0},"fnMap":{"1":{"name":"(anonymous_1)","line":9,"loc":{"start":{"line":9,"column":17},"end":{"line":9,"column":48}}},"2":{"name":"(anonymous_2)","line":12,"loc":{"start":{"line":12,"column":24},"end":{"line":12,"column":38}}},"3":{"name":"(anonymous_3)","line":13,"loc":{"start":{"line":13,"column":71},"end":{"line":13,"column":89}}},"4":{"name":"(anonymous_4)","line":24,"loc":{"start":{"line":24,"column":81},"end":{"line":24,"column":93}}},"5":{"name":"(anonymous_5)","line":27,"loc":{"start":{"line":27,"column":36},"end":{"line":27,"column":52}},"skip":true},"6":{"name":"(anonymous_6)","line":35,"loc":{"start":{"line":35,"column":34},"end":{"line":35,"column":48}}},"7":{"name":"(anonymous_7)","line":37,"loc":{"start":{"line":37,"column":113},"end":{"line":37,"column":131}}},"8":{"name":"(anonymous_8)","line":47,"loc":{"start":{"line":47,"column":44},"end":{"line":47,"column":55}},"skip":true},"9":{"name":"(anonymous_9)","line":60,"loc":{"start":{"line":60,"column":26},"end":{"line":60,"column":40}}},"10":{"name":"(anonymous_10)","line":62,"loc":{"start":{"line":62,"column":105},"end":{"line":62,"column":123}}},"11":{"name":"(anonymous_11)","line":72,"loc":{"start":{"line":72,"column":36},"end":{"line":72,"column":47}},"skip":true}},"statementMap":{"1":{"start":{"line":4,"column":0},"end":{"line":4,"column":34}},"2":{"start":{"line":5,"column":0},"end":{"line":5,"column":54}},"3":{"start":{"line":6,"column":0},"end":{"line":6,"column":44}},"4":{"start":{"line":7,"column":0},"end":{"line":7,"column":63}},"5":{"start":{"line":9,"column":0},"end":{"line":87,"column":2}},"6":{"start":{"line":10,"column":4},"end":{"line":10,"column":66}},"7":{"start":{"line":11,"column":4},"end":{"line":11,"column":40}},"8":{"start":{"line":12,"column":4},"end":{"line":86,"column":3}},"9":{"start":{"line":13,"column":8},"end":{"line":85,"column":6}},"10":{"start":{"line":15,"column":12},"end":{"line":21,"column":13}},"11":{"start":{"line":16,"column":16},"end":{"line":20,"column":17},"skip":true},"12":{"start":{"line":17,"column":20},"end":{"line":17,"column":37},"skip":true},"13":{"start":{"line":18,"column":20},"end":{"line":18,"column":86},"skip":true},"14":{"start":{"line":19,"column":20},"end":{"line":19,"column":38},"skip":true},"15":{"start":{"line":23,"column":12},"end":{"line":84,"column":13}},"16":{"start":{"line":24,"column":16},"end":{"line":56,"column":18}},"17":{"start":{"line":25,"column":20},"end":{"line":55,"column":21}},"18":{"start":{"line":27,"column":24},"end":{"line":33,"column":26},"skip":true},"19":{"start":{"line":28,"column":28},"end":{"line":28,"column":94},"skip":true},"20":{"start":{"line":30,"column":28},"end":{"line":32,"column":29},"skip":true},"21":{"start":{"line":31,"column":32},"end":{"line":31,"column":50},"skip":true},"22":{"start":{"line":35,"column":24},"end":{"line":54,"column":27}},"23":{"start":{"line":36,"column":28},"end":{"line":43,"column":29}},"24":{"start":{"line":37,"column":32},"end":{"line":42,"column":35}},"25":{"start":{"line":38,"column":36},"end":{"line":41,"column":37}},"26":{"start":{"line":39,"column":40},"end":{"line":39,"column":91}},"27":{"start":{"line":40,"column":40},"end":{"line":40,"column":108}},"28":{"start":{"line":40,"column":82},"end":{"line":40,"column":108}},"29":{"start":{"line":44,"column":28},"end":{"line":53,"column":29}},"30":{"start":{"line":45,"column":32},"end":{"line":45,"column":49}},"31":{"start":{"line":47,"column":32},"end":{"line":52,"column":35},"skip":true},"32":{"start":{"line":48,"column":36},"end":{"line":48,"column":90},"skip":true},"33":{"start":{"line":49,"column":36},"end":{"line":51,"column":37},"skip":true},"34":{"start":{"line":50,"column":40},"end":{"line":50,"column":58},"skip":true},"35":{"start":{"line":60,"column":16},"end":{"line":83,"column":19}},"36":{"start":{"line":61,"column":20},"end":{"line":68,"column":21}},"37":{"start":{"line":62,"column":24},"end":{"line":67,"column":27}},"38":{"start":{"line":63,"column":28},"end":{"line":66,"column":29}},"39":{"start":{"line":64,"column":32},"end":{"line":64,"column":83}},"40":{"start":{"line":65,"column":32},"end":{"line":65,"column":100}},"41":{"start":{"line":65,"column":74},"end":{"line":65,"column":100}},"42":{"start":{"line":70,"column":20},"end":{"line":82,"column":21},"skip":true},"43":{"start":{"line":71,"column":24},"end":{"line":71,"column":41},"skip":true},"44":{"start":{"line":72,"column":24},"end":{"line":81,"column":27},"skip":true},"45":{"start":{"line":73,"column":28},"end":{"line":73,"column":45},"skip":true},"46":{"start":{"line":74,"column":28},"end":{"line":74,"column":85},"skip":true},"47":{"start":{"line":76,"column":28},"end":{"line":79,"column":29},"skip":true},"48":{"start":{"line":77,"column":32},"end":{"line":77,"column":50},"skip":true},"49":{"start":{"line":78,"column":32},"end":{"line":78,"column":39},"skip":true},"50":{"start":{"line":80,"column":28},"end":{"line":80,"column":38},"skip":true}},"branchMap":{"1":{"line":15,"type":"if","locations":[{"start":{"line":15,"column":12},"end":{"line":15,"column":12},"skip":true},{"start":{"line":15,"column":12},"end":{"line":15,"column":12}}]},"2":{"line":16,"type":"if","locations":[{"start":{"line":16,"column":16},"end":{"line":16,"column":16},"skip":true},{"start":{"line":16,"column":16},"end":{"line":16,"column":16},"skip":true}]},"3":{"line":23,"type":"if","locations":[{"start":{"line":23,"column":12},"end":{"line":23,"column":12}},{"start":{"line":23,"column":12},"end":{"line":23,"column":12}}]},"4":{"line":23,"type":"binary-expr","locations":[{"start":{"line":23,"column":15},"end":{"line":23,"column":53}},{"start":{"line":23,"column":57},"end":{"line":23,"column":92}}]},"5":{"line":25,"type":"if","locations":[{"start":{"line":25,"column":20},"end":{"line":25,"column":20}},{"start":{"line":25,"column":20},"end":{"line":25,"column":20}}]},"6":{"line":30,"type":"if","locations":[{"start":{"line":30,"column":28},"end":{"line":30,"column":28},"skip":true},{"start":{"line":30,"column":28},"end":{"line":30,"column":28},"skip":true}]},"7":{"line":36,"type":"if","locations":[{"start":{"line":36,"column":28},"end":{"line":36,"column":28}},{"start":{"line":36,"column":28},"end":{"line":36,"column":28}}]},"8":{"line":38,"type":"if","locations":[{"start":{"line":38,"column":36},"end":{"line":38,"column":36}},{"start":{"line":38,"column":36},"end":{"line":38,"column":36}}]},"9":{"line":40,"type":"if","locations":[{"start":{"line":40,"column":40},"end":{"line":40,"column":40}},{"start":{"line":40,"column":40},"end":{"line":40,"column":40}}]},"10":{"line":44,"type":"if","locations":[{"start":{"line":44,"column":28},"end":{"line":44,"column":28}},{"start":{"line":44,"column":28},"end":{"line":44,"column":28}}]},"11":{"line":49,"type":"if","locations":[{"start":{"line":49,"column":36},"end":{"line":49,"column":36},"skip":true},{"start":{"line":49,"column":36},"end":{"line":49,"column":36},"skip":true}]},"12":{"line":61,"type":"if","locations":[{"start":{"line":61,"column":20},"end":{"line":61,"column":20}},{"start":{"line":61,"column":20},"end":{"line":61,"column":20}}]},"13":{"line":63,"type":"if","locations":[{"start":{"line":63,"column":28},"end":{"line":63,"column":28}},{"start":{"line":63,"column":28},"end":{"line":63,"column":28}}]},"14":{"line":65,"type":"if","locations":[{"start":{"line":65,"column":32},"end":{"line":65,"column":32}},{"start":{"line":65,"column":32},"end":{"line":65,"column":32}}]},"15":{"line":70,"type":"if","locations":[{"start":{"line":70,"column":20},"end":{"line":70,"column":20},"skip":true},{"start":{"line":70,"column":20},"end":{"line":70,"column":20},"skip":true}]},"16":{"line":76,"type":"if","locations":[{"start":{"line":76,"column":28},"end":{"line":76,"column":28},"skip":true},{"start":{"line":76,"column":28},"end":{"line":76,"column":28},"skip":true}]}}},"/Users/mattiden/Dev/Calendar/CalendarServer/routes/handler/db_handlers/dbSendInvitationTo.js":{"path":"/Users/mattiden/Dev/Calendar/CalendarServer/routes/handler/db_handlers/dbSendInvitationTo.js","s":{"1":1,"2":1,"3":6,"4":6,"5":10,"6":6,"7":10,"8":6,"9":4,"10":6,"11":6,"12":0,"13":6},"b":{"1":[6,4],"2":[0,6]},"f":{"1":6,"2":10,"3":6},"fnMap":{"1":{"name":"(anonymous_1)","line":10,"loc":{"start":{"line":10,"column":17},"end":{"line":10,"column":72}}},"2":{"name":"(anonymous_2)","line":13,"loc":{"start":{"line":13,"column":31},"end":{"line":13,"column":64}}},"3":{"name":"(anonymous_3)","line":23,"loc":{"start":{"line":23,"column":24},"end":{"line":23,"column":42}}}},"statementMap":{"1":{"start":{"line":4,"column":0},"end":{"line":4,"column":41}},"2":{"start":{"line":10,"column":0},"end":{"line":31,"column":6}},"3":{"start":{"line":11,"column":8},"end":{"line":11,"column":95}},"4":{"start":{"line":13,"column":8},"end":{"line":15,"column":10}},"5":{"start":{"line":14,"column":12},"end":{"line":14,"column":64}},"6":{"start":{"line":16,"column":8},"end":{"line":22,"column":9}},"7":{"start":{"line":17,"column":12},"end":{"line":21,"column":13}},"8":{"start":{"line":18,"column":16},"end":{"line":18,"column":81}},"9":{"start":{"line":20,"column":16},"end":{"line":20,"column":87}},"10":{"start":{"line":23,"column":8},"end":{"line":30,"column":10}},"11":{"start":{"line":24,"column":12},"end":{"line":28,"column":13}},"12":{"start":{"line":25,"column":16},"end":{"line":25,"column":28}},"13":{"start":{"line":27,"column":16},"end":{"line":27,"column":27}}},"branchMap":{"1":{"line":17,"type":"if","locations":[{"start":{"line":17,"column":12},"end":{"line":17,"column":12}},{"start":{"line":17,"column":12},"end":{"line":17,"column":12}}]},"2":{"line":24,"type":"if","locations":[{"start":{"line":24,"column":12},"end":{"line":24,"column":12}},{"start":{"line":24,"column":12},"end":{"line":24,"column":12}}]}}},"/Users/mattiden/Dev/Calendar/CalendarServer/routes/handler/db_handlers/dbGetAppointmentDetails.js":{"path":"/Users/mattiden/Dev/Calendar/CalendarServer/routes/handler/db_handlers/dbGetAppointmentDetails.js","s":{"1":1,"2":1,"3":1,"4":21,"5":21,"6":21,"7":21,"8":21,"9":21,"10":21,"11":21,"12":21,"13":21},"b":{"1":[21,0],"2":[21,0]},"f":{"1":21,"2":21,"3":21},"fnMap":{"1":{"name":"(anonymous_1)","line":7,"loc":{"start":{"line":7,"column":17},"end":{"line":7,"column":43}}},"2":{"name":"(anonymous_2)","line":13,"loc":{"start":{"line":13,"column":30},"end":{"line":13,"column":69}}},"3":{"name":"(anonymous_3)","line":15,"loc":{"start":{"line":15,"column":65},"end":{"line":15,"column":96}}}},"statementMap":{"1":{"start":{"line":4,"column":0},"end":{"line":4,"column":41}},"2":{"start":{"line":5,"column":0},"end":{"line":5,"column":87}},"3":{"start":{"line":7,"column":0},"end":{"line":20,"column":2}},"4":{"start":{"line":8,"column":8},"end":{"line":8,"column":172}},"5":{"start":{"line":9,"column":8},"end":{"line":9,"column":158}},"6":{"start":{"line":10,"column":8},"end":{"line":10,"column":94}},"7":{"start":{"line":11,"column":8},"end":{"line":11,"column":159}},"8":{"start":{"line":12,"column":8},"end":{"line":12,"column":59}},"9":{"start":{"line":13,"column":8},"end":{"line":19,"column":10}},"10":{"start":{"line":14,"column":12},"end":{"line":18,"column":13}},"11":{"start":{"line":15,"column":16},"end":{"line":17,"column":18}},"12":{"start":{"line":16,"column":20},"end":{"line":16,"column":97}},"13":{"start":{"line":16,"column":62},"end":{"line":16,"column":97}}},"branchMap":{"1":{"line":14,"type":"if","locations":[{"start":{"line":14,"column":12},"end":{"line":14,"column":12}},{"start":{"line":14,"column":12},"end":{"line":14,"column":12}}]},"2":{"line":16,"type":"if","locations":[{"start":{"line":16,"column":20},"end":{"line":16,"column":20}},{"start":{"line":16,"column":20},"end":{"line":16,"column":20}}]}}},"/Users/mattiden/Dev/Calendar/CalendarServer/routes/handler/format_handlers/formatSerializeAppointments.js":{"path":"/Users/mattiden/Dev/Calendar/CalendarServer/routes/handler/format_handlers/formatSerializeAppointments.js","s":{"1":1,"2":48,"3":48,"4":41,"5":41,"6":41,"7":41,"8":68,"9":68,"10":59,"11":59,"12":41,"13":41,"14":48},"b":{"1":[59,9]},"f":{"1":48},"fnMap":{"1":{"name":"(anonymous_1)","line":4,"loc":{"start":{"line":4,"column":17},"end":{"line":4,"column":56}}}},"statementMap":{"1":{"start":{"line":4,"column":0},"end":{"line":35,"column":2}},"2":{"start":{"line":5,"column":4},"end":{"line":5,"column":36}},"3":{"start":{"line":6,"column":4},"end":{"line":33,"column":5}},"4":{"start":{"line":7,"column":8},"end":{"line":7,"column":52}},"5":{"start":{"line":8,"column":8},"end":{"line":8,"column":30}},"6":{"start":{"line":9,"column":8},"end":{"line":19,"column":10}},"7":{"start":{"line":20,"column":8},"end":{"line":30,"column":9}},"8":{"start":{"line":21,"column":12},"end":{"line":21,"column":68}},"9":{"start":{"line":22,"column":12},"end":{"line":29,"column":13}},"10":{"start":{"line":23,"column":16},"end":{"line":27,"column":18}},"11":{"start":{"line":28,"column":16},"end":{"line":28,"column":47}},"12":{"start":{"line":31,"column":8},"end":{"line":31,"column":58}},"13":{"start":{"line":32,"column":8},"end":{"line":32,"column":58}},"14":{"start":{"line":34,"column":4},"end":{"line":34,"column":37}}},"branchMap":{"1":{"line":22,"type":"if","locations":[{"start":{"line":22,"column":12},"end":{"line":22,"column":12}},{"start":{"line":22,"column":12},"end":{"line":22,"column":12}}]}}},"/Users/mattiden/Dev/Calendar/CalendarServer/routes/handler/helpers/helperUpdateAllSockets.js":{"path":"/Users/mattiden/Dev/Calendar/CalendarServer/routes/handler/helpers/helperUpdateAllSockets.js","s":{"1":1,"2":1,"3":13,"4":11,"5":20,"6":20,"7":11,"8":13,"9":13,"10":11,"11":13,"12":13,"13":13},"b":{"1":[11,2],"2":[11,9],"3":[11,2],"4":[13,0]},"f":{"1":13,"2":20},"fnMap":{"1":{"name":"(anonymous_1)","line":6,"loc":{"start":{"line":6,"column":17},"end":{"line":6,"column":60}}},"2":{"name":"(anonymous_2)","line":9,"loc":{"start":{"line":9,"column":41},"end":{"line":9,"column":62}}}},"statementMap":{"1":{"start":{"line":4,"column":0},"end":{"line":4,"column":50}},"2":{"start":{"line":6,"column":0},"end":{"line":26,"column":2}},"3":{"start":{"line":7,"column":4},"end":{"line":17,"column":5}},"4":{"start":{"line":9,"column":8},"end":{"line":16,"column":11}},"5":{"start":{"line":11,"column":12},"end":{"line":11,"column":92}},"6":{"start":{"line":12,"column":12},"end":{"line":15,"column":13}},"7":{"start":{"line":14,"column":20},"end":{"line":14,"column":89}},"8":{"start":{"line":19,"column":4},"end":{"line":19,"column":79}},"9":{"start":{"line":20,"column":4},"end":{"line":22,"column":5}},"10":{"start":{"line":21,"column":8},"end":{"line":21,"column":67}},"11":{"start":{"line":24,"column":4},"end":{"line":24,"column":52}},"12":{"start":{"line":25,"column":4},"end":{"line":25,"column":64}},"13":{"start":{"line":25,"column":46},"end":{"line":25,"column":64}}},"branchMap":{"1":{"line":7,"type":"if","locations":[{"start":{"line":7,"column":4},"end":{"line":7,"column":4}},{"start":{"line":7,"column":4},"end":{"line":7,"column":4}}]},"2":{"line":12,"type":"if","locations":[{"start":{"line":12,"column":12},"end":{"line":12,"column":12}},{"start":{"line":12,"column":12},"end":{"line":12,"column":12}}]},"3":{"line":20,"type":"if","locations":[{"start":{"line":20,"column":4},"end":{"line":20,"column":4}},{"start":{"line":20,"column":4},"end":{"line":20,"column":4}}]},"4":{"line":25,"type":"if","locations":[{"start":{"line":25,"column":4},"end":{"line":25,"column":4}},{"start":{"line":25,"column":4},"end":{"line":25,"column":4}}]}}},"/Users/mattiden/Dev/Calendar/CalendarServer/routes/handler/helpers/helperSendInvitationNotification.js":{"path":"/Users/mattiden/Dev/Calendar/CalendarServer/routes/handler/helpers/helperSendInvitationNotification.js","s":{"1":1,"2":1,"3":1,"4":8,"5":8,"6":8,"7":10,"8":10,"9":3,"10":8,"11":8},"b":{"1":[3,7],"2":[8,0]},"f":{"1":8,"2":8,"3":10},"fnMap":{"1":{"name":"(anonymous_1)","line":7,"loc":{"start":{"line":7,"column":17},"end":{"line":7,"column":76}}},"2":{"name":"(anonymous_2)","line":8,"loc":{"start":{"line":8,"column":45},"end":{"line":8,"column":76}}},"3":{"name":"(anonymous_3)","line":14,"loc":{"start":{"line":14,"column":28},"end":{"line":14,"column":42}}}},"statementMap":{"1":{"start":{"line":4,"column":0},"end":{"line":4,"column":47}},"2":{"start":{"line":5,"column":0},"end":{"line":5,"column":83}},"3":{"start":{"line":7,"column":0},"end":{"line":23,"column":2}},"4":{"start":{"line":8,"column":4},"end":{"line":22,"column":6}},"5":{"start":{"line":9,"column":8},"end":{"line":13,"column":10}},"6":{"start":{"line":14,"column":8},"end":{"line":19,"column":11}},"7":{"start":{"line":15,"column":12},"end":{"line":15,"column":75}},"8":{"start":{"line":16,"column":12},"end":{"line":18,"column":13}},"9":{"start":{"line":17,"column":16},"end":{"line":17,"column":77}},"10":{"start":{"line":21,"column":8},"end":{"line":21,"column":61}},"11":{"start":{"line":21,"column":50},"end":{"line":21,"column":61}}},"branchMap":{"1":{"line":16,"type":"if","locations":[{"start":{"line":16,"column":12},"end":{"line":16,"column":12}},{"start":{"line":16,"column":12},"end":{"line":16,"column":12}}]},"2":{"line":21,"type":"if","locations":[{"start":{"line":21,"column":8},"end":{"line":21,"column":8}},{"start":{"line":21,"column":8},"end":{"line":21,"column":8}}]}}},"/Users/mattiden/Dev/Calendar/CalendarServer/routes/handler/handlerSendInititalData.js":{"path":"/Users/mattiden/Dev/Calendar/CalendarServer/routes/handler/handlerSendInititalData.js","s":{"1":1,"2":1,"3":1,"4":1,"5":1,"6":1,"7":27,"8":27,"9":27,"10":27,"11":27,"12":27,"13":43,"14":27,"15":27,"16":27,"17":27,"18":27,"19":27},"b":{"1":[27,16]},"f":{"1":27,"2":27,"3":27},"fnMap":{"1":{"name":"(anonymous_1)","line":10,"loc":{"start":{"line":10,"column":17},"end":{"line":10,"column":33}}},"2":{"name":"(anonymous_2)","line":15,"loc":{"start":{"line":15,"column":36},"end":{"line":15,"column":50}}},"3":{"name":"(anonymous_3)","line":16,"loc":{"start":{"line":16,"column":27},"end":{"line":16,"column":42}}}},"statementMap":{"1":{"start":{"line":4,"column":0},"end":{"line":4,"column":41}},"2":{"start":{"line":5,"column":0},"end":{"line":5,"column":53}},"3":{"start":{"line":6,"column":0},"end":{"line":6,"column":34}},"4":{"start":{"line":7,"column":0},"end":{"line":7,"column":81}},"5":{"start":{"line":8,"column":0},"end":{"line":8,"column":61}},"6":{"start":{"line":10,"column":0},"end":{"line":30,"column":2}},"7":{"start":{"line":11,"column":4},"end":{"line":11,"column":84}},"8":{"start":{"line":12,"column":4},"end":{"line":12,"column":45}},"9":{"start":{"line":13,"column":4},"end":{"line":13,"column":20}},"10":{"start":{"line":15,"column":4},"end":{"line":29,"column":7}},"11":{"start":{"line":16,"column":8},"end":{"line":28,"column":10}},"12":{"start":{"line":18,"column":12},"end":{"line":24,"column":13}},"13":{"start":{"line":19,"column":16},"end":{"line":23,"column":17}},"14":{"start":{"line":20,"column":20},"end":{"line":20,"column":71}},"15":{"start":{"line":21,"column":20},"end":{"line":21,"column":39}},"16":{"start":{"line":22,"column":20},"end":{"line":22,"column":26}},"17":{"start":{"line":25,"column":12},"end":{"line":25,"column":54}},"18":{"start":{"line":26,"column":12},"end":{"line":26,"column":60}},"19":{"start":{"line":27,"column":12},"end":{"line":27,"column":55}}},"branchMap":{"1":{"line":19,"type":"if","locations":[{"start":{"line":19,"column":16},"end":{"line":19,"column":16}},{"start":{"line":19,"column":16},"end":{"line":19,"column":16}}]}}},"/Users/mattiden/Dev/Calendar/CalendarServer/routes/handler/db_handlers/dbGetAppointmentsForUserId.js":{"path":"/Users/mattiden/Dev/Calendar/CalendarServer/routes/handler/db_handlers/dbGetAppointmentsForUserId.js","s":{"1":1,"2":1,"3":1,"4":1,"5":1,"6":27,"7":27,"8":27,"9":27,"10":27,"11":27,"12":27,"13":27,"14":27,"15":20,"16":27,"17":27,"18":27,"19":27,"20":27,"21":20,"22":20,"23":20,"24":20,"25":20,"26":20,"27":20,"28":20,"29":20},"b":{"1":[27,0],"2":[20,0]},"f":{"1":27,"2":27,"3":20,"4":27,"5":27,"6":20,"7":20,"8":20},"fnMap":{"1":{"name":"(anonymous_1)","line":12,"loc":{"start":{"line":12,"column":17},"end":{"line":12,"column":44}}},"2":{"name":"(anonymous_2)","line":22,"loc":{"start":{"line":22,"column":40},"end":{"line":22,"column":70}}},"3":{"name":"(anonymous_3)","line":24,"loc":{"start":{"line":24,"column":32},"end":{"line":24,"column":48}}},"4":{"name":"(anonymous_4)","line":29,"loc":{"start":{"line":29,"column":35},"end":{"line":29,"column":74}}},"5":{"name":"(anonymous_5)","line":30,"loc":{"start":{"line":30,"column":60},"end":{"line":30,"column":92}}},"6":{"name":"(anonymous_6)","line":35,"loc":{"start":{"line":35,"column":32},"end":{"line":35,"column":48}}},"7":{"name":"(anonymous_7)","line":36,"loc":{"start":{"line":36,"column":15},"end":{"line":36,"column":27}}},"8":{"name":"(anonymous_8)","line":42,"loc":{"start":{"line":42,"column":34},"end":{"line":42,"column":52}}}},"statementMap":{"1":{"start":{"line":7,"column":0},"end":{"line":7,"column":41}},"2":{"start":{"line":8,"column":0},"end":{"line":8,"column":56}},"3":{"start":{"line":9,"column":0},"end":{"line":9,"column":29}},"4":{"start":{"line":10,"column":0},"end":{"line":10,"column":88}},"5":{"start":{"line":12,"column":0},"end":{"line":47,"column":2}},"6":{"start":{"line":13,"column":4},"end":{"line":13,"column":24}},"7":{"start":{"line":15,"column":4},"end":{"line":15,"column":56}},"8":{"start":{"line":16,"column":4},"end":{"line":16,"column":37}},"9":{"start":{"line":17,"column":4},"end":{"line":17,"column":55}},"10":{"start":{"line":18,"column":4},"end":{"line":18,"column":97}},"11":{"start":{"line":19,"column":4},"end":{"line":19,"column":85}},"12":{"start":{"line":20,"column":4},"end":{"line":20,"column":56}},"13":{"start":{"line":22,"column":4},"end":{"line":34,"column":7}},"14":{"start":{"line":24,"column":8},"end":{"line":28,"column":11}},"15":{"start":{"line":27,"column":12},"end":{"line":27,"column":73}},"16":{"start":{"line":29,"column":8},"end":{"line":33,"column":11}},"17":{"start":{"line":30,"column":12},"end":{"line":32,"column":15}},"18":{"start":{"line":31,"column":16},"end":{"line":31,"column":91}},"19":{"start":{"line":31,"column":58},"end":{"line":31,"column":91}},"20":{"start":{"line":35,"column":4},"end":{"line":46,"column":6}},"21":{"start":{"line":36,"column":8},"end":{"line":45,"column":9}},"22":{"start":{"line":37,"column":12},"end":{"line":37,"column":176}},"23":{"start":{"line":38,"column":12},"end":{"line":38,"column":162}},"24":{"start":{"line":39,"column":12},"end":{"line":39,"column":98}},"25":{"start":{"line":40,"column":12},"end":{"line":40,"column":163}},"26":{"start":{"line":41,"column":12},"end":{"line":41,"column":63}},"27":{"start":{"line":42,"column":12},"end":{"line":44,"column":14}},"28":{"start":{"line":43,"column":16},"end":{"line":43,"column":64}},"29":{"start":{"line":43,"column":51},"end":{"line":43,"column":64}}},"branchMap":{"1":{"line":31,"type":"if","locations":[{"start":{"line":31,"column":16},"end":{"line":31,"column":16}},{"start":{"line":31,"column":16},"end":{"line":31,"column":16}}]},"2":{"line":43,"type":"if","locations":[{"start":{"line":43,"column":16},"end":{"line":43,"column":16}},{"start":{"line":43,"column":16},"end":{"line":43,"column":16}}]}}},"/Users/mattiden/Dev/Calendar/CalendarServer/routes/handler/db_handlers/dbGetUsers.js":{"path":"/Users/mattiden/Dev/Calendar/CalendarServer/routes/handler/db_handlers/dbGetUsers.js","s":{"1":1,"2":1,"3":1,"4":1,"5":27,"6":27,"7":27,"8":27},"b":{"1":[27,0]},"f":{"1":27,"2":27},"fnMap":{"1":{"name":"(anonymous_1)","line":8,"loc":{"start":{"line":8,"column":17},"end":{"line":8,"column":35}}},"2":{"name":"(anonymous_2)","line":10,"loc":{"start":{"line":10,"column":20},"end":{"line":10,"column":38}}}},"statementMap":{"1":{"start":{"line":4,"column":0},"end":{"line":4,"column":41}},"2":{"start":{"line":5,"column":0},"end":{"line":5,"column":56}},"3":{"start":{"line":6,"column":0},"end":{"line":6,"column":34}},"4":{"start":{"line":8,"column":0},"end":{"line":13,"column":2}},"5":{"start":{"line":9,"column":4},"end":{"line":9,"column":57}},"6":{"start":{"line":10,"column":4},"end":{"line":12,"column":6}},"7":{"start":{"line":11,"column":8},"end":{"line":11,"column":64}},"8":{"start":{"line":11,"column":50},"end":{"line":11,"column":64}}},"branchMap":{"1":{"line":11,"type":"if","locations":[{"start":{"line":11,"column":8},"end":{"line":11,"column":8}},{"start":{"line":11,"column":8},"end":{"line":11,"column":8}}]}}},"/Users/mattiden/Dev/Calendar/CalendarServer/routes/handler/handlerSendInvitation.js":{"path":"/Users/mattiden/Dev/Calendar/CalendarServer/routes/handler/handlerSendInvitation.js","s":{"1":1,"2":1,"3":1,"4":1,"5":1,"6":1,"7":27,"8":2,"9":2,"10":2,"11":2,"12":2,"13":2,"14":0},"b":{"1":[0,2]},"f":{"1":27,"2":2,"3":2,"4":2,"5":2,"6":2},"fnMap":{"1":{"name":"(anonymous_1)","line":10,"loc":{"start":{"line":10,"column":17},"end":{"line":10,"column":37}}},"2":{"name":"(anonymous_2)","line":11,"loc":{"start":{"line":11,"column":33},"end":{"line":11,"column":67}}},"3":{"name":"(anonymous_3)","line":16,"loc":{"start":{"line":16,"column":66},"end":{"line":16,"column":76}}},"4":{"name":"(anonymous_4)","line":18,"loc":{"start":{"line":18,"column":60},"end":{"line":18,"column":91}}},"5":{"name":"(anonymous_5)","line":20,"loc":{"start":{"line":20,"column":72},"end":{"line":20,"column":82}}},"6":{"name":"(anonymous_6)","line":22,"loc":{"start":{"line":22,"column":84},"end":{"line":22,"column":94}}}},"statementMap":{"1":{"start":{"line":4,"column":0},"end":{"line":4,"column":41}},"2":{"start":{"line":5,"column":0},"end":{"line":5,"column":67}},"3":{"start":{"line":6,"column":0},"end":{"line":6,"column":80}},"4":{"start":{"line":7,"column":0},"end":{"line":7,"column":72}},"5":{"start":{"line":8,"column":0},"end":{"line":8,"column":79}},"6":{"start":{"line":10,"column":0},"end":{"line":29,"column":2}},"7":{"start":{"line":11,"column":4},"end":{"line":28,"column":7}},"8":{"start":{"line":12,"column":8},"end":{"line":15,"column":10}},"9":{"start":{"line":16,"column":8},"end":{"line":27,"column":10}},"10":{"start":{"line":18,"column":12},"end":{"line":26,"column":14}},"11":{"start":{"line":20,"column":16},"end":{"line":25,"column":18}},"12":{"start":{"line":22,"column":20},"end":{"line":24,"column":22}},"13":{"start":{"line":23,"column":24},"end":{"line":23,"column":77}},"14":{"start":{"line":23,"column":66},"end":{"line":23,"column":77}}},"branchMap":{"1":{"line":23,"type":"if","locations":[{"start":{"line":23,"column":24},"end":{"line":23,"column":24}},{"start":{"line":23,"column":24},"end":{"line":23,"column":24}}]}}},"/Users/mattiden/Dev/Calendar/CalendarServer/routes/handler/handlerUpdateAppointment.js":{"path":"/Users/mattiden/Dev/Calendar/CalendarServer/routes/handler/handlerUpdateAppointment.js","s":{"1":1,"2":1,"3":1,"4":1,"5":1,"6":27,"7":3,"8":3,"9":3,"10":3,"11":3,"12":1},"b":{"1":[1,2]},"f":{"1":27,"2":3,"3":3,"4":3,"5":3},"fnMap":{"1":{"name":"(anonymous_1)","line":9,"loc":{"start":{"line":9,"column":17},"end":{"line":9,"column":37}}},"2":{"name":"(anonymous_2)","line":10,"loc":{"start":{"line":10,"column":36},"end":{"line":10,"column":66}}},"3":{"name":"(anonymous_3)","line":12,"loc":{"start":{"line":12,"column":38},"end":{"line":12,"column":48}}},"4":{"name":"(anonymous_4)","line":14,"loc":{"start":{"line":14,"column":64},"end":{"line":14,"column":85}}},"5":{"name":"(anonymous_5)","line":16,"loc":{"start":{"line":16,"column":63},"end":{"line":16,"column":73}}}},"statementMap":{"1":{"start":{"line":4,"column":0},"end":{"line":4,"column":69}},"2":{"start":{"line":5,"column":0},"end":{"line":5,"column":41}},"3":{"start":{"line":6,"column":0},"end":{"line":6,"column":80}},"4":{"start":{"line":7,"column":0},"end":{"line":7,"column":72}},"5":{"start":{"line":9,"column":0},"end":{"line":23,"column":2}},"6":{"start":{"line":10,"column":4},"end":{"line":22,"column":6}},"7":{"start":{"line":12,"column":8},"end":{"line":21,"column":10}},"8":{"start":{"line":14,"column":12},"end":{"line":20,"column":14}},"9":{"start":{"line":16,"column":16},"end":{"line":19,"column":18}},"10":{"start":{"line":17,"column":20},"end":{"line":17,"column":72}},"11":{"start":{"line":18,"column":20},"end":{"line":18,"column":80}},"12":{"start":{"line":18,"column":62},"end":{"line":18,"column":80}}},"branchMap":{"1":{"line":18,"type":"if","locations":[{"start":{"line":18,"column":20},"end":{"line":18,"column":20}},{"start":{"line":18,"column":20},"end":{"line":18,"column":20}}]}}},"/Users/mattiden/Dev/Calendar/CalendarServer/routes/handler/db_handlers/dbUpdateAppointment.js":{"path":"/Users/mattiden/Dev/Calendar/CalendarServer/routes/handler/db_handlers/dbUpdateAppointment.js","s":{"1":1,"2":1,"3":1,"4":1,"5":3,"6":3,"7":3,"8":3,"9":3,"10":3,"11":3},"b":{"1":[3,0]},"f":{"1":3,"2":3},"fnMap":{"1":{"name":"(anonymous_1)","line":8,"loc":{"start":{"line":8,"column":17},"end":{"line":8,"column":51}}},"2":{"name":"(anonymous_2)","line":20,"loc":{"start":{"line":20,"column":33},"end":{"line":20,"column":51}}}},"statementMap":{"1":{"start":{"line":4,"column":0},"end":{"line":4,"column":34}},"2":{"start":{"line":5,"column":0},"end":{"line":5,"column":54}},"3":{"start":{"line":6,"column":0},"end":{"line":6,"column":44}},"4":{"start":{"line":8,"column":0},"end":{"line":23,"column":2}},"5":{"start":{"line":9,"column":4},"end":{"line":16,"column":6}},"6":{"start":{"line":17,"column":4},"end":{"line":17,"column":41}},"7":{"start":{"line":18,"column":4},"end":{"line":18,"column":87}},"8":{"start":{"line":19,"column":4},"end":{"line":19,"column":57}},"9":{"start":{"line":20,"column":4},"end":{"line":22,"column":6}},"10":{"start":{"line":21,"column":8},"end":{"line":21,"column":64}},"11":{"start":{"line":21,"column":50},"end":{"line":21,"column":64}}},"branchMap":{"1":{"line":21,"type":"if","locations":[{"start":{"line":21,"column":8},"end":{"line":21,"column":8}},{"start":{"line":21,"column":8},"end":{"line":21,"column":8}}]}}},"/Users/mattiden/Dev/Calendar/CalendarServer/routes/handler/handlerAnswerInvitation.js":{"path":"/Users/mattiden/Dev/Calendar/CalendarServer/routes/handler/handlerAnswerInvitation.js","s":{"1":1,"2":1,"3":1,"4":1,"5":1,"6":1,"7":1,"8":27,"9":2,"10":2,"11":2,"12":2,"13":2,"14":2,"15":2,"16":2,"17":1},"b":{"1":[1,1]},"f":{"1":27,"2":2,"3":2,"4":2,"5":2},"fnMap":{"1":{"name":"(anonymous_1)","line":11,"loc":{"start":{"line":11,"column":17},"end":{"line":11,"column":36}}},"2":{"name":"(anonymous_2)","line":12,"loc":{"start":{"line":12,"column":34},"end":{"line":12,"column":60}}},"3":{"name":"(anonymous_3)","line":17,"loc":{"start":{"line":17,"column":57},"end":{"line":17,"column":75}}},"4":{"name":"(anonymous_4)","line":18,"loc":{"start":{"line":18,"column":54},"end":{"line":18,"column":75}}},"5":{"name":"(anonymous_5)","line":19,"loc":{"start":{"line":19,"column":63},"end":{"line":19,"column":73}}}},"statementMap":{"1":{"start":{"line":4,"column":0},"end":{"line":4,"column":67}},"2":{"start":{"line":5,"column":0},"end":{"line":5,"column":81}},"3":{"start":{"line":6,"column":0},"end":{"line":6,"column":41}},"4":{"start":{"line":7,"column":0},"end":{"line":7,"column":34}},"5":{"start":{"line":8,"column":0},"end":{"line":8,"column":51}},"6":{"start":{"line":9,"column":0},"end":{"line":9,"column":72}},"7":{"start":{"line":11,"column":0},"end":{"line":26,"column":2}},"8":{"start":{"line":12,"column":4},"end":{"line":25,"column":6}},"9":{"start":{"line":13,"column":8},"end":{"line":13,"column":88}},"10":{"start":{"line":14,"column":8},"end":{"line":14,"column":51}},"11":{"start":{"line":15,"column":8},"end":{"line":15,"column":43}},"12":{"start":{"line":17,"column":8},"end":{"line":24,"column":10}},"13":{"start":{"line":18,"column":12},"end":{"line":23,"column":14}},"14":{"start":{"line":19,"column":16},"end":{"line":22,"column":18}},"15":{"start":{"line":20,"column":20},"end":{"line":20,"column":68}},"16":{"start":{"line":21,"column":20},"end":{"line":21,"column":80}},"17":{"start":{"line":21,"column":62},"end":{"line":21,"column":80}}},"branchMap":{"1":{"line":21,"type":"if","locations":[{"start":{"line":21,"column":20},"end":{"line":21,"column":20}},{"start":{"line":21,"column":20},"end":{"line":21,"column":20}}]}}},"/Users/mattiden/Dev/Calendar/CalendarServer/routes/handler/db_handlers/dbAnswerInvitation.js":{"path":"/Users/mattiden/Dev/Calendar/CalendarServer/routes/handler/db_handlers/dbAnswerInvitation.js","s":{"1":1,"2":1,"3":2,"4":2,"5":2,"6":2,"7":2,"8":2,"9":2,"10":2,"11":2},"b":{"1":[2,0],"2":[2,0],"3":[2,0]},"f":{"1":2,"2":2,"3":2},"fnMap":{"1":{"name":"(anonymous_1)","line":6,"loc":{"start":{"line":6,"column":17},"end":{"line":6,"column":58}}},"2":{"name":"(anonymous_2)","line":11,"loc":{"start":{"line":11,"column":46},"end":{"line":11,"column":64}}},"3":{"name":"(anonymous_3)","line":13,"loc":{"start":{"line":13,"column":87},"end":{"line":13,"column":105}}}},"statementMap":{"1":{"start":{"line":4,"column":0},"end":{"line":4,"column":41}},"2":{"start":{"line":6,"column":0},"end":{"line":20,"column":2}},"3":{"start":{"line":7,"column":4},"end":{"line":7,"column":54}},"4":{"start":{"line":8,"column":4},"end":{"line":8,"column":40}},"5":{"start":{"line":9,"column":4},"end":{"line":9,"column":57}},"6":{"start":{"line":11,"column":4},"end":{"line":19,"column":7}},"7":{"start":{"line":12,"column":8},"end":{"line":18,"column":9}},"8":{"start":{"line":13,"column":12},"end":{"line":17,"column":14}},"9":{"start":{"line":14,"column":16},"end":{"line":16,"column":17}},"10":{"start":{"line":15,"column":20},"end":{"line":15,"column":93}},"11":{"start":{"line":15,"column":62},"end":{"line":15,"column":93}}},"branchMap":{"1":{"line":12,"type":"if","locations":[{"start":{"line":12,"column":8},"end":{"line":12,"column":8}},{"start":{"line":12,"column":8},"end":{"line":12,"column":8}}]},"2":{"line":14,"type":"if","locations":[{"start":{"line":14,"column":16},"end":{"line":14,"column":16}},{"start":{"line":14,"column":16},"end":{"line":14,"column":16}}]},"3":{"line":15,"type":"if","locations":[{"start":{"line":15,"column":20},"end":{"line":15,"column":20}},{"start":{"line":15,"column":20},"end":{"line":15,"column":20}}]}}},"/Users/mattiden/Dev/Calendar/CalendarServer/routes/routesHttp.js":{"path":"/Users/mattiden/Dev/Calendar/CalendarServer/routes/routesHttp.js","s":{"1":1,"2":1,"3":7},"b":{},"f":{"1":7},"fnMap":{"1":{"name":"(anonymous_1)","line":6,"loc":{"start":{"line":6,"column":17},"end":{"line":6,"column":30}}}},"statementMap":{"1":{"start":{"line":4,"column":0},"end":{"line":4,"column":56}},"2":{"start":{"line":6,"column":0},"end":{"line":8,"column":2}},"3":{"start":{"line":7,"column":4},"end":{"line":7,"column":37}}},"branchMap":{}},"/Users/mattiden/Dev/Calendar/CalendarServer/routes/handler/handlerLogin.js":{"path":"/Users/mattiden/Dev/Calendar/CalendarServer/routes/handler/handlerLogin.js","s":{"1":1,"2":1,"3":1,"4":1,"5":1,"6":3,"7":3,"8":3,"9":3,"10":0,"11":0,"12":3,"13":2,"14":2,"15":2,"16":2,"17":2,"18":1,"19":1,"20":1},"b":{"1":[0,3],"2":[2,1],"3":[3,3]},"f":{"1":3,"2":3},"fnMap":{"1":{"name":"(anonymous_1)","line":9,"loc":{"start":{"line":9,"column":17},"end":{"line":9,"column":35}}},"2":{"name":"(anonymous_2)","line":12,"loc":{"start":{"line":12,"column":73},"end":{"line":12,"column":96}}}},"statementMap":{"1":{"start":{"line":4,"column":0},"end":{"line":4,"column":34}},"2":{"start":{"line":5,"column":0},"end":{"line":5,"column":26}},"3":{"start":{"line":6,"column":0},"end":{"line":6,"column":51}},"4":{"start":{"line":7,"column":0},"end":{"line":7,"column":41}},"5":{"start":{"line":9,"column":0},"end":{"line":29,"column":2}},"6":{"start":{"line":10,"column":4},"end":{"line":10,"column":16}},"7":{"start":{"line":11,"column":4},"end":{"line":11,"column":78}},"8":{"start":{"line":12,"column":4},"end":{"line":28,"column":7}},"9":{"start":{"line":14,"column":8},"end":{"line":17,"column":9}},"10":{"start":{"line":15,"column":12},"end":{"line":15,"column":26},"skip":true},"11":{"start":{"line":16,"column":12},"end":{"line":16,"column":19},"skip":true},"12":{"start":{"line":18,"column":8},"end":{"line":24,"column":9}},"13":{"start":{"line":19,"column":12},"end":{"line":19,"column":119}},"14":{"start":{"line":20,"column":12},"end":{"line":20,"column":72}},"15":{"start":{"line":21,"column":12},"end":{"line":21,"column":30}},"16":{"start":{"line":22,"column":12},"end":{"line":22,"column":22}},"17":{"start":{"line":23,"column":12},"end":{"line":23,"column":19}},"18":{"start":{"line":25,"column":8},"end":{"line":25,"column":68}},"19":{"start":{"line":26,"column":8},"end":{"line":26,"column":26}},"20":{"start":{"line":27,"column":8},"end":{"line":27,"column":18}}},"branchMap":{"1":{"line":14,"type":"if","locations":[{"start":{"line":14,"column":8},"end":{"line":14,"column":8},"skip":true},{"start":{"line":14,"column":8},"end":{"line":14,"column":8}}]},"2":{"line":18,"type":"if","locations":[{"start":{"line":18,"column":8},"end":{"line":18,"column":8}},{"start":{"line":18,"column":8},"end":{"line":18,"column":8}}]},"3":{"line":18,"type":"binary-expr","locations":[{"start":{"line":18,"column":11},"end":{"line":18,"column":26}},{"start":{"line":18,"column":30},"end":{"line":18,"column":68}}]}}}}