TN:
SF:/Users/mattiden/Dev/Calendar/CalendarServer/server.js
FN:4,(anonymous_1)
FN:16,(anonymous_2)
FNF:2
FNH:2
FNDA:7,(anonymous_1)
FNDA:7,(anonymous_2)
DA:4,1
DA:5,7
DA:6,7
DA:7,7
DA:8,7
DA:9,7
DA:10,7
DA:11,7
DA:12,7
DA:13,7
DA:14,7
DA:16,7
DA:17,7
DA:18,7
DA:20,7
DA:21,7
DA:22,7
DA:24,0
DA:25,0
DA:27,7
DA:28,7
LF:21
LH:19
BRDA:18,1,0,7
BRDA:18,1,1,0
BRF:2
BRH:1
end_of_record
TN:
SF:/Users/mattiden/Dev/Calendar/CalendarServer/routes/routesSocket.js
FN:15,(anonymous_1)
FN:20,(anonymous_2)
FN:23,(anonymous_3)
FNF:3
FNH:3
FNDA:7,(anonymous_1)
FNDA:27,(anonymous_2)
FNDA:27,(anonymous_3)
DA:4,1
DA:5,1
DA:6,1
DA:7,1
DA:8,1
DA:9,1
DA:10,1
DA:11,1
DA:13,1
DA:15,1
DA:16,7
DA:20,7
DA:22,27
DA:23,27
DA:24,27
DA:27,27
DA:28,27
DA:29,27
DA:30,27
DA:31,27
LF:20
LH:20
BRF:0
BRH:0
end_of_record
TN:
SF:/Users/mattiden/Dev/Calendar/CalendarServer/routes/socketPool.js
FN:9,(anonymous_1)
FN:14,(anonymous_2)
FN:23,(anonymous_3)
FNF:3
FNH:3
FNDA:27,(anonymous_1)
FNDA:27,(anonymous_2)
FNDA:43,(anonymous_3)
DA:4,1
DA:5,1
DA:7,1
DA:9,1
DA:10,27
DA:11,27
DA:14,1
DA:15,27
DA:16,33
DA:17,27
DA:18,27
DA:21,0
DA:23,1
DA:24,43
DA:25,59
DA:26,25
DA:29,18
DA:31,1
LF:18
LH:17
BRDA:16,1,0,27
BRDA:16,1,1,6
BRDA:25,2,0,25
BRDA:25,2,1,34
BRF:4
BRH:4
end_of_record
TN:
SF:/Users/mattiden/Dev/Calendar/CalendarServer/config/settings.js
FNF:0
FNH:0
DA:4,1
LF:1
LH:1
BRF:0
BRH:0
end_of_record
TN:
SF:/Users/mattiden/Dev/Calendar/CalendarServer/routes/handler/handlerNewAppointment.js
FN:9,(anonymous_1)
FN:10,(anonymous_2)
FN:21,(anonymous_3)
FN:22,(anonymous_4)
FN:24,(anonymous_5)
FN:27,(anonymous_6)
FNF:6
FNH:6
FNDA:27,(anonymous_1)
FNDA:6,(anonymous_2)
FNDA:6,(anonymous_3)
FNDA:6,(anonymous_4)
FNDA:6,(anonymous_5)
FNDA:6,(anonymous_6)
DA:1,1
DA:2,1
DA:3,1
DA:4,1
DA:5,1
DA:6,1
DA:7,1
DA:9,1
DA:10,27
DA:11,6
DA:12,6
DA:21,6
DA:22,6
DA:24,6
DA:25,6
DA:26,6
DA:27,6
DA:28,6
LF:18
LH:18
BRDA:28,1,0,2
BRDA:28,1,1,4
BRF:2
BRH:2
end_of_record
TN:
SF:/Users/mattiden/Dev/Calendar/CalendarServer/config/db.js
FN:25,replaceClientOnDisconnect
FN:26,(anonymous_2)
FN:38,(anonymous_3)
FNF:3
FNH:3
FNDA:1,replaceClientOnDisconnect
FNDA:0,(anonymous_2)
FNDA:0,(anonymous_3)
DA:4,1
DA:5,1
DA:8,1
DA:9,1
DA:10,1
DA:11,1
DA:14,1
DA:15,1
DA:18,1
DA:25,1
DA:26,1
DA:27,1
DA:28,1
DA:29,1
DA:32,1
DA:34,1
DA:36,1
DA:37,1
DA:38,1
DA:39,1
DA:40,1
DA:45,1
DA:47,1
LF:23
LH:23
BRDA:28,1,0,0
BRDA:28,1,1,0
BRDA:32,2,0,0
BRDA:32,2,1,0
BRDA:39,3,0,0
BRDA:39,3,1,0
BRF:6
BRH:6
end_of_record
TN:
SF:/Users/mattiden/Dev/Calendar/CalendarServer/config/localstuff.js
FNF:0
FNH:0
DA:4,1
LF:1
LH:1
BRF:0
BRH:0
end_of_record
TN:
SF:/Users/mattiden/Dev/Calendar/CalendarServer/routes/handler/db_handlers/dbNewAppointment.js
FN:9,(anonymous_1)
FN:12,(anonymous_2)
FN:13,(anonymous_3)
FN:24,(anonymous_4)
FN:27,(anonymous_5)
FN:35,(anonymous_6)
FN:37,(anonymous_7)
FN:47,(anonymous_8)
FN:60,(anonymous_9)
FN:62,(anonymous_10)
FN:72,(anonymous_11)
FNF:11
FNH:11
FNDA:6,(anonymous_1)
FNDA:6,(anonymous_2)
FNDA:6,(anonymous_3)
FNDA:4,(anonymous_4)
FNDA:0,(anonymous_5)
FNDA:4,(anonymous_6)
FNDA:4,(anonymous_7)
FNDA:0,(anonymous_8)
FNDA:2,(anonymous_9)
FNDA:2,(anonymous_10)
FNDA:0,(anonymous_11)
DA:4,1
DA:5,1
DA:6,1
DA:7,1
DA:9,1
DA:10,6
DA:11,6
DA:12,6
DA:13,6
DA:15,6
DA:16,1
DA:17,1
DA:18,1
DA:19,1
DA:23,6
DA:24,4
DA:25,4
DA:27,1
DA:28,1
DA:30,1
DA:31,1
DA:35,4
DA:36,4
DA:37,4
DA:38,4
DA:39,4
DA:40,4
DA:44,4
DA:45,0
DA:47,1
DA:48,1
DA:49,1
DA:50,1
DA:60,2
DA:61,2
DA:62,2
DA:63,2
DA:64,2
DA:65,2
DA:70,2
DA:71,1
DA:72,1
DA:73,1
DA:74,1
DA:76,1
DA:77,1
DA:78,1
DA:80,1
LF:48
LH:47
BRDA:15,1,0,0
BRDA:15,1,1,6
BRDA:16,2,0,0
BRDA:16,2,1,0
BRDA:23,3,0,4
BRDA:23,3,1,2
BRDA:23,4,0,6
BRDA:23,4,1,4
BRDA:25,5,0,0
BRDA:25,5,1,4
BRDA:30,6,0,0
BRDA:30,6,1,0
BRDA:36,7,0,4
BRDA:36,7,1,0
BRDA:38,8,0,4
BRDA:38,8,1,0
BRDA:40,9,0,4
BRDA:40,9,1,0
BRDA:44,10,0,0
BRDA:44,10,1,4
BRDA:49,11,0,0
BRDA:49,11,1,0
BRDA:61,12,0,2
BRDA:61,12,1,0
BRDA:63,13,0,2
BRDA:63,13,1,0
BRDA:65,14,0,2
BRDA:65,14,1,0
BRDA:70,15,0,0
BRDA:70,15,1,2
BRDA:76,16,0,0
BRDA:76,16,1,0
BRF:32
BRH:24
end_of_record
TN:
SF:/Users/mattiden/Dev/Calendar/CalendarServer/routes/handler/db_handlers/dbSendInvitationTo.js
FN:10,(anonymous_1)
FN:13,(anonymous_2)
FN:23,(anonymous_3)
FNF:3
FNH:3
FNDA:6,(anonymous_1)
FNDA:10,(anonymous_2)
FNDA:6,(anonymous_3)
DA:4,1
DA:10,1
DA:11,6
DA:13,6
DA:14,10
DA:16,6
DA:17,10
DA:18,6
DA:20,4
DA:23,6
DA:24,6
DA:25,0
DA:27,6
LF:13
LH:12
BRDA:17,1,0,6
BRDA:17,1,1,4
BRDA:24,2,0,0
BRDA:24,2,1,6
BRF:4
BRH:3
end_of_record
TN:
SF:/Users/mattiden/Dev/Calendar/CalendarServer/routes/handler/db_handlers/dbGetAppointmentDetails.js
FN:7,(anonymous_1)
FN:13,(anonymous_2)
FN:15,(anonymous_3)
FNF:3
FNH:3
FNDA:21,(anonymous_1)
FNDA:21,(anonymous_2)
FNDA:21,(anonymous_3)
DA:4,1
DA:5,1
DA:7,1
DA:8,21
DA:9,21
DA:10,21
DA:11,21
DA:12,21
DA:13,21
DA:14,21
DA:15,21
DA:16,21
LF:12
LH:12
BRDA:14,1,0,21
BRDA:14,1,1,0
BRDA:16,2,0,21
BRDA:16,2,1,0
BRF:4
BRH:2
end_of_record
TN:
SF:/Users/mattiden/Dev/Calendar/CalendarServer/routes/handler/format_handlers/formatSerializeAppointments.js
FN:4,(anonymous_1)
FNF:1
FNH:1
FNDA:48,(anonymous_1)
DA:4,1
DA:5,48
DA:6,48
DA:7,41
DA:8,41
DA:9,41
DA:20,41
DA:21,68
DA:22,68
DA:23,59
DA:28,59
DA:31,41
DA:32,41
DA:34,48
LF:14
LH:14
BRDA:22,1,0,59
BRDA:22,1,1,9
BRF:2
BRH:2
end_of_record
TN:
SF:/Users/mattiden/Dev/Calendar/CalendarServer/routes/handler/helpers/helperUpdateAllSockets.js
FN:6,(anonymous_1)
FN:9,(anonymous_2)
FNF:2
FNH:2
FNDA:13,(anonymous_1)
FNDA:20,(anonymous_2)
DA:4,1
DA:6,1
DA:7,13
DA:9,11
DA:11,20
DA:12,20
DA:14,11
DA:19,13
DA:20,13
DA:21,11
DA:24,13
DA:25,13
LF:12
LH:12
BRDA:7,1,0,11
BRDA:7,1,1,2
BRDA:12,2,0,11
BRDA:12,2,1,9
BRDA:20,3,0,11
BRDA:20,3,1,2
BRDA:25,4,0,13
BRDA:25,4,1,0
BRF:8
BRH:7
end_of_record
TN:
SF:/Users/mattiden/Dev/Calendar/CalendarServer/routes/handler/helpers/helperSendInvitationNotification.js
FN:7,(anonymous_1)
FN:8,(anonymous_2)
FN:14,(anonymous_3)
FNF:3
FNH:3
FNDA:8,(anonymous_1)
FNDA:8,(anonymous_2)
FNDA:10,(anonymous_3)
DA:4,1
DA:5,1
DA:7,1
DA:8,8
DA:9,8
DA:14,8
DA:15,10
DA:16,10
DA:17,3
DA:21,8
LF:10
LH:10
BRDA:16,1,0,3
BRDA:16,1,1,7
BRDA:21,2,0,8
BRDA:21,2,1,0
BRF:4
BRH:3
end_of_record
TN:
SF:/Users/mattiden/Dev/Calendar/CalendarServer/routes/handler/handlerSendInititalData.js
FN:10,(anonymous_1)
FN:15,(anonymous_2)
FN:16,(anonymous_3)
FNF:3
FNH:3
FNDA:27,(anonymous_1)
FNDA:27,(anonymous_2)
FNDA:27,(anonymous_3)
DA:4,1
DA:5,1
DA:6,1
DA:7,1
DA:8,1
DA:10,1
DA:11,27
DA:12,27
DA:13,27
DA:15,27
DA:16,27
DA:18,27
DA:19,43
DA:20,27
DA:21,27
DA:22,27
DA:25,27
DA:26,27
DA:27,27
LF:19
LH:19
BRDA:19,1,0,27
BRDA:19,1,1,16
BRF:2
BRH:2
end_of_record
TN:
SF:/Users/mattiden/Dev/Calendar/CalendarServer/routes/handler/db_handlers/dbGetAppointmentsForUserId.js
FN:12,(anonymous_1)
FN:22,(anonymous_2)
FN:24,(anonymous_3)
FN:29,(anonymous_4)
FN:30,(anonymous_5)
FN:35,(anonymous_6)
FN:36,(anonymous_7)
FN:42,(anonymous_8)
FNF:8
FNH:8
FNDA:27,(anonymous_1)
FNDA:27,(anonymous_2)
FNDA:20,(anonymous_3)
FNDA:27,(anonymous_4)
FNDA:27,(anonymous_5)
FNDA:20,(anonymous_6)
FNDA:20,(anonymous_7)
FNDA:20,(anonymous_8)
DA:7,1
DA:8,1
DA:9,1
DA:10,1
DA:12,1
DA:13,27
DA:15,27
DA:16,27
DA:17,27
DA:18,27
DA:19,27
DA:20,27
DA:22,27
DA:24,27
DA:27,20
DA:29,27
DA:30,27
DA:31,27
DA:35,27
DA:36,20
DA:37,20
DA:38,20
DA:39,20
DA:40,20
DA:41,20
DA:42,20
DA:43,20
LF:27
LH:27
BRDA:31,1,0,27
BRDA:31,1,1,0
BRDA:43,2,0,20
BRDA:43,2,1,0
BRF:4
BRH:2
end_of_record
TN:
SF:/Users/mattiden/Dev/Calendar/CalendarServer/routes/handler/db_handlers/dbGetUsers.js
FN:8,(anonymous_1)
FN:10,(anonymous_2)
FNF:2
FNH:2
FNDA:27,(anonymous_1)
FNDA:27,(anonymous_2)
DA:4,1
DA:5,1
DA:6,1
DA:8,1
DA:9,27
DA:10,27
DA:11,27
LF:7
LH:7
BRDA:11,1,0,27
BRDA:11,1,1,0
BRF:2
BRH:1
end_of_record
TN:
SF:/Users/mattiden/Dev/Calendar/CalendarServer/routes/handler/handlerSendInvitation.js
FN:10,(anonymous_1)
FN:11,(anonymous_2)
FN:16,(anonymous_3)
FN:18,(anonymous_4)
FN:20,(anonymous_5)
FN:22,(anonymous_6)
FNF:6
FNH:6
FNDA:27,(anonymous_1)
FNDA:2,(anonymous_2)
FNDA:2,(anonymous_3)
FNDA:2,(anonymous_4)
FNDA:2,(anonymous_5)
FNDA:2,(anonymous_6)
DA:4,1
DA:5,1
DA:6,1
DA:7,1
DA:8,1
DA:10,1
DA:11,27
DA:12,2
DA:16,2
DA:18,2
DA:20,2
DA:22,2
DA:23,2
LF:13
LH:13
BRDA:23,1,0,0
BRDA:23,1,1,2
BRF:2
BRH:1
end_of_record
TN:
SF:/Users/mattiden/Dev/Calendar/CalendarServer/routes/handler/handlerUpdateAppointment.js
FN:9,(anonymous_1)
FN:10,(anonymous_2)
FN:12,(anonymous_3)
FN:14,(anonymous_4)
FN:16,(anonymous_5)
FNF:5
FNH:5
FNDA:27,(anonymous_1)
FNDA:3,(anonymous_2)
FNDA:3,(anonymous_3)
FNDA:3,(anonymous_4)
FNDA:3,(anonymous_5)
DA:4,1
DA:5,1
DA:6,1
DA:7,1
DA:9,1
DA:10,27
DA:12,3
DA:14,3
DA:16,3
DA:17,3
DA:18,3
LF:11
LH:11
BRDA:18,1,0,1
BRDA:18,1,1,2
BRF:2
BRH:2
end_of_record
TN:
SF:/Users/mattiden/Dev/Calendar/CalendarServer/routes/handler/db_handlers/dbUpdateAppointment.js
FN:8,(anonymous_1)
FN:20,(anonymous_2)
FNF:2
FNH:2
FNDA:3,(anonymous_1)
FNDA:3,(anonymous_2)
DA:4,1
DA:5,1
DA:6,1
DA:8,1
DA:9,3
DA:17,3
DA:18,3
DA:19,3
DA:20,3
DA:21,3
LF:10
LH:10
BRDA:21,1,0,3
BRDA:21,1,1,0
BRF:2
BRH:1
end_of_record
TN:
SF:/Users/mattiden/Dev/Calendar/CalendarServer/routes/handler/handlerAnswerInvitation.js
FN:11,(anonymous_1)
FN:12,(anonymous_2)
FN:17,(anonymous_3)
FN:18,(anonymous_4)
FN:19,(anonymous_5)
FNF:5
FNH:5
FNDA:27,(anonymous_1)
FNDA:2,(anonymous_2)
FNDA:2,(anonymous_3)
FNDA:2,(anonymous_4)
FNDA:2,(anonymous_5)
DA:4,1
DA:5,1
DA:6,1
DA:7,1
DA:8,1
DA:9,1
DA:11,1
DA:12,27
DA:13,2
DA:14,2
DA:15,2
DA:17,2
DA:18,2
DA:19,2
DA:20,2
DA:21,2
LF:16
LH:16
BRDA:21,1,0,1
BRDA:21,1,1,1
BRF:2
BRH:2
end_of_record
TN:
SF:/Users/mattiden/Dev/Calendar/CalendarServer/routes/handler/db_handlers/dbAnswerInvitation.js
FN:6,(anonymous_1)
FN:11,(anonymous_2)
FN:13,(anonymous_3)
FNF:3
FNH:3
FNDA:2,(anonymous_1)
FNDA:2,(anonymous_2)
FNDA:2,(anonymous_3)
DA:4,1
DA:6,1
DA:7,2
DA:8,2
DA:9,2
DA:11,2
DA:12,2
DA:13,2
DA:14,2
DA:15,2
LF:10
LH:10
BRDA:12,1,0,2
BRDA:12,1,1,0
BRDA:14,2,0,2
BRDA:14,2,1,0
BRDA:15,3,0,2
BRDA:15,3,1,0
BRF:6
BRH:3
end_of_record
TN:
SF:/Users/mattiden/Dev/Calendar/CalendarServer/routes/routesHttp.js
FN:6,(anonymous_1)
FNF:1
FNH:1
FNDA:7,(anonymous_1)
DA:4,1
DA:6,1
DA:7,7
LF:3
LH:3
BRF:0
BRH:0
end_of_record
TN:
SF:/Users/mattiden/Dev/Calendar/CalendarServer/routes/handler/handlerLogin.js
FN:9,(anonymous_1)
FN:12,(anonymous_2)
FNF:2
FNH:2
FNDA:3,(anonymous_1)
FNDA:3,(anonymous_2)
DA:4,1
DA:5,1
DA:6,1
DA:7,1
DA:9,1
DA:10,3
DA:11,3
DA:12,3
DA:14,3
DA:15,1
DA:16,1
DA:18,3
DA:19,2
DA:20,2
DA:21,2
DA:22,2
DA:23,2
DA:25,1
DA:26,1
DA:27,1
LF:20
LH:20
BRDA:14,1,0,0
BRDA:14,1,1,3
BRDA:18,2,0,2
BRDA:18,2,1,1
BRDA:18,3,0,3
BRDA:18,3,1,3
BRF:6
BRH:6
end_of_record
